<?xml version="1.0" encoding="UTF-8"?>
<testsuite name="ComputerRepairRequestTest" tests="2" skipped="0" failures="0" errors="0" timestamp="2025-03-05T15:17:50" hostname="DESKTOP-SJG12PS" time="0.079">
  <properties/>
  <testcase name="First Test" classname="ComputerRepairRequestTest" time="0.064"/>
  <testcase name="Test Exemplu" classname="ComputerRepairRequestTest" time="0.009"/>
  <system-out><![CDATA[]]></system-out>
  <system-err><![CDATA[]]></system-err>
</testsuite>
